---------- Date: 2020-01-14 09:27:16 ~ IP : ::1 ----------
REQUEST URI : /
MOD DETAILS:
   modFile   : /Applications/MAMP/htdocs/vqmod/xml/jv_quickorder_os1521_os1531_oc1541.xml
   id        : JV_QuickOrder (Opencart 1.5.2.x_1.5.3.x_1.5.4.x___OcStore 1.5.2.x_1.5.3.x_1.5.4.x)
   version   : 1.1
   vqmver    : 2.1.6
   author    : JohnnyVega

File Name    : catalog/view/theme/*/template/common/header.tpl(0)
VQModObject::applyMod - SEARCH NOT FOUND (SKIPPED): <script type="text/javascript" src="catalog/view/javascript/jquery/jquery-1.7.1.min.js"></script>

----------------------------------------------------------------------


---------- Date: 2020-01-14 09:36:30 ~ IP : ::1 ----------
REQUEST URI : /
MOD DETAILS:
   modFile   : /Applications/MAMP/htdocs/vqmod/xml/jv_quickorder_os1521_os1531_oc1541.xml
   id        : JV_QuickOrder (Opencart 1.5.2.x_1.5.3.x_1.5.4.x___OcStore 1.5.2.x_1.5.3.x_1.5.4.x)
   version   : 1.1
   vqmver    : 2.1.6
   author    : JohnnyVega

File Name    : catalog/view/theme/*/template/common/header.tpl(0)
VQModObject::applyMod - SEARCH NOT FOUND (SKIPPED): <script type="text/javascript" src="catalog/view/javascript/jquery/jquery-1.7.1.min.js"></script>

----------------------------------------------------------------------


---------- Date: 2020-01-14 13:11:02 ~ IP : ::1 ----------
REQUEST URI : /
MOD DETAILS:
   modFile   : /Applications/MAMP/htdocs/vqmod/xml/jv_quickorder_os1521_os1531_oc1541.xml
   id        : JV_QuickOrder (Opencart 1.5.2.x_1.5.3.x_1.5.4.x___OcStore 1.5.2.x_1.5.3.x_1.5.4.x)
   version   : 1.1
   vqmver    : 2.1.6
   author    : JohnnyVega

File Name    : catalog/view/theme/*/template/common/header.tpl(0)
VQModObject::applyMod - SEARCH NOT FOUND (SKIPPED): <script type="text/javascript" src="catalog/view/javascript/jquery/jquery-1.7.1.min.js"></script>

----------------------------------------------------------------------


---------- Date: 2020-01-14 14:36:23 ~ IP : ::1 ----------
REQUEST URI : /
MOD DETAILS:
   modFile   : /Applications/MAMP/htdocs/vqmod/xml/jv_quickorder_os1521_os1531_oc1541.xml
   id        : JV_QuickOrder (Opencart 1.5.2.x_1.5.3.x_1.5.4.x___OcStore 1.5.2.x_1.5.3.x_1.5.4.x)
   version   : 1.1
   vqmver    : 2.1.6
   author    : JohnnyVega

File Name    : catalog/view/theme/*/template/common/header.tpl(0)
VQModObject::applyMod - SEARCH NOT FOUND (SKIPPED): <script type="text/javascript" src="catalog/view/javascript/jquery/jquery-1.7.1.min.js"></script>

----------------------------------------------------------------------


---------- Date: 2020-01-14 14:37:05 ~ IP : ::1 ----------
REQUEST URI : /
MOD DETAILS:
   modFile   : /Applications/MAMP/htdocs/vqmod/xml/jv_quickorder_os1521_os1531_oc1541.xml
   id        : JV_QuickOrder (Opencart 1.5.2.x_1.5.3.x_1.5.4.x___OcStore 1.5.2.x_1.5.3.x_1.5.4.x)
   version   : 1.1
   vqmver    : 2.1.6
   author    : JohnnyVega

File Name    : catalog/view/theme/*/template/common/header.tpl(0)
VQModObject::applyMod - SEARCH NOT FOUND (SKIPPED): <script type="text/javascript" src="catalog/view/javascript/jquery/jquery-1.7.1.min.js"></script>

----------------------------------------------------------------------


---------- Date: 2020-01-14 14:37:09 ~ IP : ::1 ----------
REQUEST URI : /
MOD DETAILS:
   modFile   : /Applications/MAMP/htdocs/vqmod/xml/jv_quickorder_os1521_os1531_oc1541.xml
   id        : JV_QuickOrder (Opencart 1.5.2.x_1.5.3.x_1.5.4.x___OcStore 1.5.2.x_1.5.3.x_1.5.4.x)
   version   : 1.1
   vqmver    : 2.1.6
   author    : JohnnyVega

File Name    : catalog/view/theme/*/template/common/header.tpl(0)
VQModObject::applyMod - SEARCH NOT FOUND (SKIPPED): <script type="text/javascript" src="catalog/view/javascript/jquery/jquery-1.7.1.min.js"></script>

----------------------------------------------------------------------


---------- Date: 2020-01-14 14:47:07 ~ IP : ::1 ----------
REQUEST URI : /
MOD DETAILS:
   modFile   : /Applications/MAMP/htdocs/vqmod/xml/jv_quickorder_os1521_os1531_oc1541.xml
   id        : JV_QuickOrder (Opencart 1.5.2.x_1.5.3.x_1.5.4.x___OcStore 1.5.2.x_1.5.3.x_1.5.4.x)
   version   : 1.1
   vqmver    : 2.1.6
   author    : JohnnyVega

File Name    : catalog/view/theme/*/template/common/header.tpl(0)
VQModObject::applyMod - SEARCH NOT FOUND (SKIPPED): <script type="text/javascript" src="catalog/view/javascript/jquery/jquery-1.7.1.min.js"></script>

----------------------------------------------------------------------


---------- Date: 2020-01-14 14:48:43 ~ IP : ::1 ----------
REQUEST URI : /
MOD DETAILS:
   modFile   : /Applications/MAMP/htdocs/vqmod/xml/jv_quickorder_os1521_os1531_oc1541.xml
   id        : JV_QuickOrder (Opencart 1.5.2.x_1.5.3.x_1.5.4.x___OcStore 1.5.2.x_1.5.3.x_1.5.4.x)
   version   : 1.1
   vqmver    : 2.1.6
   author    : JohnnyVega

File Name    : catalog/view/theme/*/template/common/header.tpl(0)
VQModObject::applyMod - SEARCH NOT FOUND (SKIPPED): <script type="text/javascript" src="catalog/view/javascript/jquery/jquery-1.7.1.min.js"></script>

----------------------------------------------------------------------


---------- Date: 2020-01-14 14:49:04 ~ IP : ::1 ----------
REQUEST URI : /
MOD DETAILS:
   modFile   : /Applications/MAMP/htdocs/vqmod/xml/jv_quickorder_os1521_os1531_oc1541.xml
   id        : JV_QuickOrder (Opencart 1.5.2.x_1.5.3.x_1.5.4.x___OcStore 1.5.2.x_1.5.3.x_1.5.4.x)
   version   : 1.1
   vqmver    : 2.1.6
   author    : JohnnyVega

File Name    : catalog/view/theme/*/template/common/header.tpl(0)
VQModObject::applyMod - SEARCH NOT FOUND (SKIPPED): <script type="text/javascript" src="catalog/view/javascript/jquery/jquery-1.7.1.min.js"></script>

----------------------------------------------------------------------


---------- Date: 2020-01-14 14:50:43 ~ IP : ::1 ----------
REQUEST URI : /
MOD DETAILS:
   modFile   : /Applications/MAMP/htdocs/vqmod/xml/jv_quickorder_os1521_os1531_oc1541.xml
   id        : JV_QuickOrder (Opencart 1.5.2.x_1.5.3.x_1.5.4.x___OcStore 1.5.2.x_1.5.3.x_1.5.4.x)
   version   : 1.1
   vqmver    : 2.1.6
   author    : JohnnyVega

File Name    : catalog/view/theme/*/template/common/header.tpl(0)
VQModObject::applyMod - SEARCH NOT FOUND (SKIPPED): <script type="text/javascript" src="catalog/view/javascript/jquery/jquery-1.7.1.min.js"></script>

----------------------------------------------------------------------


---------- Date: 2020-01-14 14:51:19 ~ IP : ::1 ----------
REQUEST URI : /
MOD DETAILS:
   modFile   : /Applications/MAMP/htdocs/vqmod/xml/jv_quickorder_os1521_os1531_oc1541.xml
   id        : JV_QuickOrder (Opencart 1.5.2.x_1.5.3.x_1.5.4.x___OcStore 1.5.2.x_1.5.3.x_1.5.4.x)
   version   : 1.1
   vqmver    : 2.1.6
   author    : JohnnyVega

File Name    : catalog/view/theme/*/template/common/header.tpl(0)
VQModObject::applyMod - SEARCH NOT FOUND (SKIPPED): <script type="text/javascript" src="catalog/view/javascript/jquery/jquery-1.7.1.min.js"></script>

----------------------------------------------------------------------


---------- Date: 2020-01-14 14:51:33 ~ IP : ::1 ----------
REQUEST URI : /
MOD DETAILS:
   modFile   : /Applications/MAMP/htdocs/vqmod/xml/jv_quickorder_os1521_os1531_oc1541.xml
   id        : JV_QuickOrder (Opencart 1.5.2.x_1.5.3.x_1.5.4.x___OcStore 1.5.2.x_1.5.3.x_1.5.4.x)
   version   : 1.1
   vqmver    : 2.1.6
   author    : JohnnyVega

File Name    : catalog/view/theme/*/template/common/header.tpl(0)
VQModObject::applyMod - SEARCH NOT FOUND (SKIPPED): <script type="text/javascript" src="catalog/view/javascript/jquery/jquery-1.7.1.min.js"></script>

----------------------------------------------------------------------


---------- Date: 2020-01-14 14:59:45 ~ IP : ::1 ----------
REQUEST URI : /
MOD DETAILS:
   modFile   : /Applications/MAMP/htdocs/vqmod/xml/jv_quickorder_os1521_os1531_oc1541.xml
   id        : JV_QuickOrder (Opencart 1.5.2.x_1.5.3.x_1.5.4.x___OcStore 1.5.2.x_1.5.3.x_1.5.4.x)
   version   : 1.1
   vqmver    : 2.1.6
   author    : JohnnyVega

File Name    : catalog/view/theme/*/template/common/header.tpl(0)
VQModObject::applyMod - SEARCH NOT FOUND (SKIPPED): <script type="text/javascript" src="catalog/view/javascript/jquery/jquery-1.7.1.min.js"></script>

----------------------------------------------------------------------


---------- Date: 2020-01-14 15:01:21 ~ IP : ::1 ----------
REQUEST URI : /
MOD DETAILS:
   modFile   : /Applications/MAMP/htdocs/vqmod/xml/jv_quickorder_os1521_os1531_oc1541.xml
   id        : JV_QuickOrder (Opencart 1.5.2.x_1.5.3.x_1.5.4.x___OcStore 1.5.2.x_1.5.3.x_1.5.4.x)
   version   : 1.1
   vqmver    : 2.1.6
   author    : JohnnyVega

File Name    : catalog/view/theme/*/template/common/header.tpl(0)
VQModObject::applyMod - SEARCH NOT FOUND (SKIPPED): <script type="text/javascript" src="catalog/view/javascript/jquery/jquery-1.7.1.min.js"></script>

----------------------------------------------------------------------


---------- Date: 2020-01-14 15:01:49 ~ IP : ::1 ----------
REQUEST URI : /
MOD DETAILS:
   modFile   : /Applications/MAMP/htdocs/vqmod/xml/jv_quickorder_os1521_os1531_oc1541.xml
   id        : JV_QuickOrder (Opencart 1.5.2.x_1.5.3.x_1.5.4.x___OcStore 1.5.2.x_1.5.3.x_1.5.4.x)
   version   : 1.1
   vqmver    : 2.1.6
   author    : JohnnyVega

File Name    : catalog/view/theme/*/template/common/header.tpl(0)
VQModObject::applyMod - SEARCH NOT FOUND (SKIPPED): <script type="text/javascript" src="catalog/view/javascript/jquery/jquery-1.7.1.min.js"></script>

----------------------------------------------------------------------


