---------- Date: 2019-12-18 13:23:16 ~ IP : ::1 ----------
REQUEST URI : /
MOD DETAILS:
   modFile   : /Applications/MAMP/htdocs/vqmod/xml/jv_quickorder_os1521_os1531_oc1541.xml
   id        : JV_QuickOrder (Opencart 1.5.2.x_1.5.3.x_1.5.4.x___OcStore 1.5.2.x_1.5.3.x_1.5.4.x)
   version   : 1.1
   vqmver    : 2.1.6
   author    : JohnnyVega

File Name    : catalog/view/theme/*/template/common/header.tpl(0)
VQModObject::applyMod - SEARCH NOT FOUND (SKIPPED): <script type="text/javascript" src="catalog/view/javascript/jquery/jquery-1.7.1.min.js"></script>

----------------------------------------------------------------------


---------- Date: 2019-12-18 13:26:18 ~ IP : ::1 ----------
REQUEST URI : /
MOD DETAILS:
   modFile   : /Applications/MAMP/htdocs/vqmod/xml/jv_quickorder_os1521_os1531_oc1541.xml
   id        : JV_QuickOrder (Opencart 1.5.2.x_1.5.3.x_1.5.4.x___OcStore 1.5.2.x_1.5.3.x_1.5.4.x)
   version   : 1.1
   vqmver    : 2.1.6
   author    : JohnnyVega

File Name    : catalog/view/theme/*/template/common/header.tpl(0)
VQModObject::applyMod - SEARCH NOT FOUND (SKIPPED): <script type="text/javascript" src="catalog/view/javascript/jquery/jquery-1.7.1.min.js"></script>

----------------------------------------------------------------------


---------- Date: 2019-12-18 13:26:35 ~ IP : ::1 ----------
REQUEST URI : /
MOD DETAILS:
   modFile   : /Applications/MAMP/htdocs/vqmod/xml/jv_quickorder_os1521_os1531_oc1541.xml
   id        : JV_QuickOrder (Opencart 1.5.2.x_1.5.3.x_1.5.4.x___OcStore 1.5.2.x_1.5.3.x_1.5.4.x)
   version   : 1.1
   vqmver    : 2.1.6
   author    : JohnnyVega

File Name    : catalog/view/theme/*/template/common/header.tpl(0)
VQModObject::applyMod - SEARCH NOT FOUND (SKIPPED): <script type="text/javascript" src="catalog/view/javascript/jquery/jquery-1.7.1.min.js"></script>

----------------------------------------------------------------------


---------- Date: 2019-12-18 13:27:18 ~ IP : ::1 ----------
REQUEST URI : /
MOD DETAILS:
   modFile   : /Applications/MAMP/htdocs/vqmod/xml/jv_quickorder_os1521_os1531_oc1541.xml
   id        : JV_QuickOrder (Opencart 1.5.2.x_1.5.3.x_1.5.4.x___OcStore 1.5.2.x_1.5.3.x_1.5.4.x)
   version   : 1.1
   vqmver    : 2.1.6
   author    : JohnnyVega

File Name    : catalog/view/theme/*/template/common/header.tpl(0)
VQModObject::applyMod - SEARCH NOT FOUND (SKIPPED): <script type="text/javascript" src="catalog/view/javascript/jquery/jquery-1.7.1.min.js"></script>

----------------------------------------------------------------------


---------- Date: 2019-12-18 13:27:52 ~ IP : ::1 ----------
REQUEST URI : /
MOD DETAILS:
   modFile   : /Applications/MAMP/htdocs/vqmod/xml/jv_quickorder_os1521_os1531_oc1541.xml
   id        : JV_QuickOrder (Opencart 1.5.2.x_1.5.3.x_1.5.4.x___OcStore 1.5.2.x_1.5.3.x_1.5.4.x)
   version   : 1.1
   vqmver    : 2.1.6
   author    : JohnnyVega

File Name    : catalog/view/theme/*/template/common/header.tpl(0)
VQModObject::applyMod - SEARCH NOT FOUND (SKIPPED): <script type="text/javascript" src="catalog/view/javascript/jquery/jquery-1.7.1.min.js"></script>

----------------------------------------------------------------------


---------- Date: 2019-12-18 13:28:32 ~ IP : ::1 ----------
REQUEST URI : /
MOD DETAILS:
   modFile   : /Applications/MAMP/htdocs/vqmod/xml/jv_quickorder_os1521_os1531_oc1541.xml
   id        : JV_QuickOrder (Opencart 1.5.2.x_1.5.3.x_1.5.4.x___OcStore 1.5.2.x_1.5.3.x_1.5.4.x)
   version   : 1.1
   vqmver    : 2.1.6
   author    : JohnnyVega

File Name    : catalog/view/theme/*/template/common/header.tpl(0)
VQModObject::applyMod - SEARCH NOT FOUND (SKIPPED): <script type="text/javascript" src="catalog/view/javascript/jquery/jquery-1.7.1.min.js"></script>

----------------------------------------------------------------------


---------- Date: 2019-12-18 13:28:45 ~ IP : ::1 ----------
REQUEST URI : /
MOD DETAILS:
   modFile   : /Applications/MAMP/htdocs/vqmod/xml/jv_quickorder_os1521_os1531_oc1541.xml
   id        : JV_QuickOrder (Opencart 1.5.2.x_1.5.3.x_1.5.4.x___OcStore 1.5.2.x_1.5.3.x_1.5.4.x)
   version   : 1.1
   vqmver    : 2.1.6
   author    : JohnnyVega

File Name    : catalog/view/theme/*/template/common/header.tpl(0)
VQModObject::applyMod - SEARCH NOT FOUND (SKIPPED): <script type="text/javascript" src="catalog/view/javascript/jquery/jquery-1.7.1.min.js"></script>

----------------------------------------------------------------------


---------- Date: 2019-12-18 13:29:36 ~ IP : ::1 ----------
REQUEST URI : /
MOD DETAILS:
   modFile   : /Applications/MAMP/htdocs/vqmod/xml/jv_quickorder_os1521_os1531_oc1541.xml
   id        : JV_QuickOrder (Opencart 1.5.2.x_1.5.3.x_1.5.4.x___OcStore 1.5.2.x_1.5.3.x_1.5.4.x)
   version   : 1.1
   vqmver    : 2.1.6
   author    : JohnnyVega

File Name    : catalog/view/theme/*/template/common/header.tpl(0)
VQModObject::applyMod - SEARCH NOT FOUND (SKIPPED): <script type="text/javascript" src="catalog/view/javascript/jquery/jquery-1.7.1.min.js"></script>

----------------------------------------------------------------------


---------- Date: 2019-12-18 13:29:42 ~ IP : ::1 ----------
REQUEST URI : /
MOD DETAILS:
   modFile   : /Applications/MAMP/htdocs/vqmod/xml/jv_quickorder_os1521_os1531_oc1541.xml
   id        : JV_QuickOrder (Opencart 1.5.2.x_1.5.3.x_1.5.4.x___OcStore 1.5.2.x_1.5.3.x_1.5.4.x)
   version   : 1.1
   vqmver    : 2.1.6
   author    : JohnnyVega

File Name    : catalog/view/theme/*/template/common/header.tpl(0)
VQModObject::applyMod - SEARCH NOT FOUND (SKIPPED): <script type="text/javascript" src="catalog/view/javascript/jquery/jquery-1.7.1.min.js"></script>

----------------------------------------------------------------------


---------- Date: 2019-12-18 13:29:59 ~ IP : ::1 ----------
REQUEST URI : /
MOD DETAILS:
   modFile   : /Applications/MAMP/htdocs/vqmod/xml/jv_quickorder_os1521_os1531_oc1541.xml
   id        : JV_QuickOrder (Opencart 1.5.2.x_1.5.3.x_1.5.4.x___OcStore 1.5.2.x_1.5.3.x_1.5.4.x)
   version   : 1.1
   vqmver    : 2.1.6
   author    : JohnnyVega

File Name    : catalog/view/theme/*/template/common/header.tpl(0)
VQModObject::applyMod - SEARCH NOT FOUND (SKIPPED): <script type="text/javascript" src="catalog/view/javascript/jquery/jquery-1.7.1.min.js"></script>

----------------------------------------------------------------------


---------- Date: 2019-12-18 13:42:26 ~ IP : ::1 ----------
REQUEST URI : /
MOD DETAILS:
   modFile   : /Applications/MAMP/htdocs/vqmod/xml/jv_quickorder_os1521_os1531_oc1541.xml
   id        : JV_QuickOrder (Opencart 1.5.2.x_1.5.3.x_1.5.4.x___OcStore 1.5.2.x_1.5.3.x_1.5.4.x)
   version   : 1.1
   vqmver    : 2.1.6
   author    : JohnnyVega

File Name    : catalog/view/theme/*/template/common/header.tpl(0)
VQModObject::applyMod - SEARCH NOT FOUND (SKIPPED): <script type="text/javascript" src="catalog/view/javascript/jquery/jquery-1.7.1.min.js"></script>

----------------------------------------------------------------------


---------- Date: 2019-12-18 13:43:20 ~ IP : ::1 ----------
REQUEST URI : /
MOD DETAILS:
   modFile   : /Applications/MAMP/htdocs/vqmod/xml/jv_quickorder_os1521_os1531_oc1541.xml
   id        : JV_QuickOrder (Opencart 1.5.2.x_1.5.3.x_1.5.4.x___OcStore 1.5.2.x_1.5.3.x_1.5.4.x)
   version   : 1.1
   vqmver    : 2.1.6
   author    : JohnnyVega

File Name    : catalog/view/theme/*/template/common/header.tpl(0)
VQModObject::applyMod - SEARCH NOT FOUND (SKIPPED): <script type="text/javascript" src="catalog/view/javascript/jquery/jquery-1.7.1.min.js"></script>

----------------------------------------------------------------------


---------- Date: 2019-12-18 13:43:59 ~ IP : ::1 ----------
REQUEST URI : /
MOD DETAILS:
   modFile   : /Applications/MAMP/htdocs/vqmod/xml/jv_quickorder_os1521_os1531_oc1541.xml
   id        : JV_QuickOrder (Opencart 1.5.2.x_1.5.3.x_1.5.4.x___OcStore 1.5.2.x_1.5.3.x_1.5.4.x)
   version   : 1.1
   vqmver    : 2.1.6
   author    : JohnnyVega

File Name    : catalog/view/theme/*/template/common/header.tpl(0)
VQModObject::applyMod - SEARCH NOT FOUND (SKIPPED): <script type="text/javascript" src="catalog/view/javascript/jquery/jquery-1.7.1.min.js"></script>

----------------------------------------------------------------------


---------- Date: 2019-12-18 13:45:52 ~ IP : ::1 ----------
REQUEST URI : /
MOD DETAILS:
   modFile   : /Applications/MAMP/htdocs/vqmod/xml/jv_quickorder_os1521_os1531_oc1541.xml
   id        : JV_QuickOrder (Opencart 1.5.2.x_1.5.3.x_1.5.4.x___OcStore 1.5.2.x_1.5.3.x_1.5.4.x)
   version   : 1.1
   vqmver    : 2.1.6
   author    : JohnnyVega

File Name    : catalog/view/theme/*/template/common/header.tpl(0)
VQModObject::applyMod - SEARCH NOT FOUND (SKIPPED): <script type="text/javascript" src="catalog/view/javascript/jquery/jquery-1.7.1.min.js"></script>

----------------------------------------------------------------------


---------- Date: 2019-12-18 13:46:02 ~ IP : ::1 ----------
REQUEST URI : /
MOD DETAILS:
   modFile   : /Applications/MAMP/htdocs/vqmod/xml/jv_quickorder_os1521_os1531_oc1541.xml
   id        : JV_QuickOrder (Opencart 1.5.2.x_1.5.3.x_1.5.4.x___OcStore 1.5.2.x_1.5.3.x_1.5.4.x)
   version   : 1.1
   vqmver    : 2.1.6
   author    : JohnnyVega

File Name    : catalog/view/theme/*/template/common/header.tpl(0)
VQModObject::applyMod - SEARCH NOT FOUND (SKIPPED): <script type="text/javascript" src="catalog/view/javascript/jquery/jquery-1.7.1.min.js"></script>

----------------------------------------------------------------------


---------- Date: 2019-12-18 13:46:33 ~ IP : ::1 ----------
REQUEST URI : /
MOD DETAILS:
   modFile   : /Applications/MAMP/htdocs/vqmod/xml/jv_quickorder_os1521_os1531_oc1541.xml
   id        : JV_QuickOrder (Opencart 1.5.2.x_1.5.3.x_1.5.4.x___OcStore 1.5.2.x_1.5.3.x_1.5.4.x)
   version   : 1.1
   vqmver    : 2.1.6
   author    : JohnnyVega

File Name    : catalog/view/theme/*/template/common/header.tpl(0)
VQModObject::applyMod - SEARCH NOT FOUND (SKIPPED): <script type="text/javascript" src="catalog/view/javascript/jquery/jquery-1.7.1.min.js"></script>

----------------------------------------------------------------------


---------- Date: 2019-12-18 13:46:37 ~ IP : ::1 ----------
REQUEST URI : /
MOD DETAILS:
   modFile   : /Applications/MAMP/htdocs/vqmod/xml/jv_quickorder_os1521_os1531_oc1541.xml
   id        : JV_QuickOrder (Opencart 1.5.2.x_1.5.3.x_1.5.4.x___OcStore 1.5.2.x_1.5.3.x_1.5.4.x)
   version   : 1.1
   vqmver    : 2.1.6
   author    : JohnnyVega

File Name    : catalog/view/theme/*/template/common/header.tpl(0)
VQModObject::applyMod - SEARCH NOT FOUND (SKIPPED): <script type="text/javascript" src="catalog/view/javascript/jquery/jquery-1.7.1.min.js"></script>

----------------------------------------------------------------------


---------- Date: 2019-12-18 13:46:44 ~ IP : ::1 ----------
REQUEST URI : /
MOD DETAILS:
   modFile   : /Applications/MAMP/htdocs/vqmod/xml/jv_quickorder_os1521_os1531_oc1541.xml
   id        : JV_QuickOrder (Opencart 1.5.2.x_1.5.3.x_1.5.4.x___OcStore 1.5.2.x_1.5.3.x_1.5.4.x)
   version   : 1.1
   vqmver    : 2.1.6
   author    : JohnnyVega

File Name    : catalog/view/theme/*/template/common/header.tpl(0)
VQModObject::applyMod - SEARCH NOT FOUND (SKIPPED): <script type="text/javascript" src="catalog/view/javascript/jquery/jquery-1.7.1.min.js"></script>

----------------------------------------------------------------------


---------- Date: 2019-12-18 13:59:57 ~ IP : ::1 ----------
REQUEST URI : /
MOD DETAILS:
   modFile   : /Applications/MAMP/htdocs/vqmod/xml/jv_quickorder_os1521_os1531_oc1541.xml
   id        : JV_QuickOrder (Opencart 1.5.2.x_1.5.3.x_1.5.4.x___OcStore 1.5.2.x_1.5.3.x_1.5.4.x)
   version   : 1.1
   vqmver    : 2.1.6
   author    : JohnnyVega

File Name    : catalog/view/theme/*/template/common/header.tpl(0)
VQModObject::applyMod - SEARCH NOT FOUND (SKIPPED): <script type="text/javascript" src="catalog/view/javascript/jquery/jquery-1.7.1.min.js"></script>

----------------------------------------------------------------------


---------- Date: 2019-12-18 14:06:52 ~ IP : ::1 ----------
REQUEST URI : /
MOD DETAILS:
   modFile   : /Applications/MAMP/htdocs/vqmod/xml/jv_quickorder_os1521_os1531_oc1541.xml
   id        : JV_QuickOrder (Opencart 1.5.2.x_1.5.3.x_1.5.4.x___OcStore 1.5.2.x_1.5.3.x_1.5.4.x)
   version   : 1.1
   vqmver    : 2.1.6
   author    : JohnnyVega

File Name    : catalog/view/theme/*/template/common/header.tpl(0)
VQModObject::applyMod - SEARCH NOT FOUND (SKIPPED): <script type="text/javascript" src="catalog/view/javascript/jquery/jquery-1.7.1.min.js"></script>

----------------------------------------------------------------------


---------- Date: 2019-12-18 15:50:39 ~ IP : ::1 ----------
REQUEST URI : /
MOD DETAILS:
   modFile   : /Applications/MAMP/htdocs/vqmod/xml/jv_quickorder_os1521_os1531_oc1541.xml
   id        : JV_QuickOrder (Opencart 1.5.2.x_1.5.3.x_1.5.4.x___OcStore 1.5.2.x_1.5.3.x_1.5.4.x)
   version   : 1.1
   vqmver    : 2.1.6
   author    : JohnnyVega

File Name    : catalog/view/theme/*/template/common/header.tpl(0)
VQModObject::applyMod - SEARCH NOT FOUND (SKIPPED): <script type="text/javascript" src="catalog/view/javascript/jquery/jquery-1.7.1.min.js"></script>

----------------------------------------------------------------------


---------- Date: 2019-12-18 15:53:28 ~ IP : ::1 ----------
REQUEST URI : /
MOD DETAILS:
   modFile   : /Applications/MAMP/htdocs/vqmod/xml/jv_quickorder_os1521_os1531_oc1541.xml
   id        : JV_QuickOrder (Opencart 1.5.2.x_1.5.3.x_1.5.4.x___OcStore 1.5.2.x_1.5.3.x_1.5.4.x)
   version   : 1.1
   vqmver    : 2.1.6
   author    : JohnnyVega

File Name    : catalog/view/theme/*/template/common/header.tpl(0)
VQModObject::applyMod - SEARCH NOT FOUND (SKIPPED): <script type="text/javascript" src="catalog/view/javascript/jquery/jquery-1.7.1.min.js"></script>

----------------------------------------------------------------------


---------- Date: 2019-12-18 15:54:16 ~ IP : ::1 ----------
REQUEST URI : /
MOD DETAILS:
   modFile   : /Applications/MAMP/htdocs/vqmod/xml/jv_quickorder_os1521_os1531_oc1541.xml
   id        : JV_QuickOrder (Opencart 1.5.2.x_1.5.3.x_1.5.4.x___OcStore 1.5.2.x_1.5.3.x_1.5.4.x)
   version   : 1.1
   vqmver    : 2.1.6
   author    : JohnnyVega

File Name    : catalog/view/theme/*/template/common/header.tpl(0)
VQModObject::applyMod - SEARCH NOT FOUND (SKIPPED): <script type="text/javascript" src="catalog/view/javascript/jquery/jquery-1.7.1.min.js"></script>

----------------------------------------------------------------------


---------- Date: 2019-12-18 15:54:40 ~ IP : ::1 ----------
REQUEST URI : /
MOD DETAILS:
   modFile   : /Applications/MAMP/htdocs/vqmod/xml/jv_quickorder_os1521_os1531_oc1541.xml
   id        : JV_QuickOrder (Opencart 1.5.2.x_1.5.3.x_1.5.4.x___OcStore 1.5.2.x_1.5.3.x_1.5.4.x)
   version   : 1.1
   vqmver    : 2.1.6
   author    : JohnnyVega

File Name    : catalog/view/theme/*/template/common/header.tpl(0)
VQModObject::applyMod - SEARCH NOT FOUND (SKIPPED): <script type="text/javascript" src="catalog/view/javascript/jquery/jquery-1.7.1.min.js"></script>

----------------------------------------------------------------------


---------- Date: 2019-12-18 15:58:22 ~ IP : ::1 ----------
REQUEST URI : /
MOD DETAILS:
   modFile   : /Applications/MAMP/htdocs/vqmod/xml/jv_quickorder_os1521_os1531_oc1541.xml
   id        : JV_QuickOrder (Opencart 1.5.2.x_1.5.3.x_1.5.4.x___OcStore 1.5.2.x_1.5.3.x_1.5.4.x)
   version   : 1.1
   vqmver    : 2.1.6
   author    : JohnnyVega

File Name    : catalog/view/theme/*/template/common/header.tpl(0)
VQModObject::applyMod - SEARCH NOT FOUND (SKIPPED): <script type="text/javascript" src="catalog/view/javascript/jquery/jquery-1.7.1.min.js"></script>

----------------------------------------------------------------------


---------- Date: 2019-12-18 15:58:57 ~ IP : ::1 ----------
REQUEST URI : /
MOD DETAILS:
   modFile   : /Applications/MAMP/htdocs/vqmod/xml/jv_quickorder_os1521_os1531_oc1541.xml
   id        : JV_QuickOrder (Opencart 1.5.2.x_1.5.3.x_1.5.4.x___OcStore 1.5.2.x_1.5.3.x_1.5.4.x)
   version   : 1.1
   vqmver    : 2.1.6
   author    : JohnnyVega

File Name    : catalog/view/theme/*/template/common/header.tpl(0)
VQModObject::applyMod - SEARCH NOT FOUND (SKIPPED): <script type="text/javascript" src="catalog/view/javascript/jquery/jquery-1.7.1.min.js"></script>

----------------------------------------------------------------------


---------- Date: 2019-12-18 16:02:42 ~ IP : ::1 ----------
REQUEST URI : /
MOD DETAILS:
   modFile   : /Applications/MAMP/htdocs/vqmod/xml/jv_quickorder_os1521_os1531_oc1541.xml
   id        : JV_QuickOrder (Opencart 1.5.2.x_1.5.3.x_1.5.4.x___OcStore 1.5.2.x_1.5.3.x_1.5.4.x)
   version   : 1.1
   vqmver    : 2.1.6
   author    : JohnnyVega

File Name    : catalog/view/theme/*/template/common/header.tpl(0)
VQModObject::applyMod - SEARCH NOT FOUND (SKIPPED): <script type="text/javascript" src="catalog/view/javascript/jquery/jquery-1.7.1.min.js"></script>

----------------------------------------------------------------------


---------- Date: 2019-12-18 16:02:57 ~ IP : ::1 ----------
REQUEST URI : /
MOD DETAILS:
   modFile   : /Applications/MAMP/htdocs/vqmod/xml/jv_quickorder_os1521_os1531_oc1541.xml
   id        : JV_QuickOrder (Opencart 1.5.2.x_1.5.3.x_1.5.4.x___OcStore 1.5.2.x_1.5.3.x_1.5.4.x)
   version   : 1.1
   vqmver    : 2.1.6
   author    : JohnnyVega

File Name    : catalog/view/theme/*/template/common/header.tpl(0)
VQModObject::applyMod - SEARCH NOT FOUND (SKIPPED): <script type="text/javascript" src="catalog/view/javascript/jquery/jquery-1.7.1.min.js"></script>

----------------------------------------------------------------------


---------- Date: 2019-12-18 16:04:17 ~ IP : ::1 ----------
REQUEST URI : /
MOD DETAILS:
   modFile   : /Applications/MAMP/htdocs/vqmod/xml/jv_quickorder_os1521_os1531_oc1541.xml
   id        : JV_QuickOrder (Opencart 1.5.2.x_1.5.3.x_1.5.4.x___OcStore 1.5.2.x_1.5.3.x_1.5.4.x)
   version   : 1.1
   vqmver    : 2.1.6
   author    : JohnnyVega

File Name    : catalog/view/theme/*/template/common/header.tpl(0)
VQModObject::applyMod - SEARCH NOT FOUND (SKIPPED): <script type="text/javascript" src="catalog/view/javascript/jquery/jquery-1.7.1.min.js"></script>

----------------------------------------------------------------------


---------- Date: 2019-12-18 16:05:00 ~ IP : ::1 ----------
REQUEST URI : /
MOD DETAILS:
   modFile   : /Applications/MAMP/htdocs/vqmod/xml/jv_quickorder_os1521_os1531_oc1541.xml
   id        : JV_QuickOrder (Opencart 1.5.2.x_1.5.3.x_1.5.4.x___OcStore 1.5.2.x_1.5.3.x_1.5.4.x)
   version   : 1.1
   vqmver    : 2.1.6
   author    : JohnnyVega

File Name    : catalog/view/theme/*/template/common/header.tpl(0)
VQModObject::applyMod - SEARCH NOT FOUND (SKIPPED): <script type="text/javascript" src="catalog/view/javascript/jquery/jquery-1.7.1.min.js"></script>

----------------------------------------------------------------------


---------- Date: 2019-12-18 16:11:27 ~ IP : ::1 ----------
REQUEST URI : /
MOD DETAILS:
   modFile   : /Applications/MAMP/htdocs/vqmod/xml/jv_quickorder_os1521_os1531_oc1541.xml
   id        : JV_QuickOrder (Opencart 1.5.2.x_1.5.3.x_1.5.4.x___OcStore 1.5.2.x_1.5.3.x_1.5.4.x)
   version   : 1.1
   vqmver    : 2.1.6
   author    : JohnnyVega

File Name    : catalog/view/theme/*/template/common/header.tpl(0)
VQModObject::applyMod - SEARCH NOT FOUND (SKIPPED): <script type="text/javascript" src="catalog/view/javascript/jquery/jquery-1.7.1.min.js"></script>

----------------------------------------------------------------------


---------- Date: 2019-12-18 16:12:04 ~ IP : ::1 ----------
REQUEST URI : /
MOD DETAILS:
   modFile   : /Applications/MAMP/htdocs/vqmod/xml/jv_quickorder_os1521_os1531_oc1541.xml
   id        : JV_QuickOrder (Opencart 1.5.2.x_1.5.3.x_1.5.4.x___OcStore 1.5.2.x_1.5.3.x_1.5.4.x)
   version   : 1.1
   vqmver    : 2.1.6
   author    : JohnnyVega

File Name    : catalog/view/theme/*/template/common/header.tpl(0)
VQModObject::applyMod - SEARCH NOT FOUND (SKIPPED): <script type="text/javascript" src="catalog/view/javascript/jquery/jquery-1.7.1.min.js"></script>

----------------------------------------------------------------------


---------- Date: 2019-12-18 16:14:58 ~ IP : ::1 ----------
REQUEST URI : /
MOD DETAILS:
   modFile   : /Applications/MAMP/htdocs/vqmod/xml/jv_quickorder_os1521_os1531_oc1541.xml
   id        : JV_QuickOrder (Opencart 1.5.2.x_1.5.3.x_1.5.4.x___OcStore 1.5.2.x_1.5.3.x_1.5.4.x)
   version   : 1.1
   vqmver    : 2.1.6
   author    : JohnnyVega

File Name    : catalog/view/theme/*/template/common/header.tpl(0)
VQModObject::applyMod - SEARCH NOT FOUND (SKIPPED): <script type="text/javascript" src="catalog/view/javascript/jquery/jquery-1.7.1.min.js"></script>

----------------------------------------------------------------------


---------- Date: 2019-12-18 16:16:23 ~ IP : ::1 ----------
REQUEST URI : /
MOD DETAILS:
   modFile   : /Applications/MAMP/htdocs/vqmod/xml/jv_quickorder_os1521_os1531_oc1541.xml
   id        : JV_QuickOrder (Opencart 1.5.2.x_1.5.3.x_1.5.4.x___OcStore 1.5.2.x_1.5.3.x_1.5.4.x)
   version   : 1.1
   vqmver    : 2.1.6
   author    : JohnnyVega

File Name    : catalog/view/theme/*/template/common/header.tpl(0)
VQModObject::applyMod - SEARCH NOT FOUND (SKIPPED): <script type="text/javascript" src="catalog/view/javascript/jquery/jquery-1.7.1.min.js"></script>

----------------------------------------------------------------------


---------- Date: 2019-12-18 16:18:08 ~ IP : ::1 ----------
REQUEST URI : /
MOD DETAILS:
   modFile   : /Applications/MAMP/htdocs/vqmod/xml/jv_quickorder_os1521_os1531_oc1541.xml
   id        : JV_QuickOrder (Opencart 1.5.2.x_1.5.3.x_1.5.4.x___OcStore 1.5.2.x_1.5.3.x_1.5.4.x)
   version   : 1.1
   vqmver    : 2.1.6
   author    : JohnnyVega

File Name    : catalog/view/theme/*/template/common/header.tpl(0)
VQModObject::applyMod - SEARCH NOT FOUND (SKIPPED): <script type="text/javascript" src="catalog/view/javascript/jquery/jquery-1.7.1.min.js"></script>

----------------------------------------------------------------------


---------- Date: 2019-12-18 16:20:19 ~ IP : ::1 ----------
REQUEST URI : /
MOD DETAILS:
   modFile   : /Applications/MAMP/htdocs/vqmod/xml/jv_quickorder_os1521_os1531_oc1541.xml
   id        : JV_QuickOrder (Opencart 1.5.2.x_1.5.3.x_1.5.4.x___OcStore 1.5.2.x_1.5.3.x_1.5.4.x)
   version   : 1.1
   vqmver    : 2.1.6
   author    : JohnnyVega

File Name    : catalog/view/theme/*/template/common/header.tpl(0)
VQModObject::applyMod - SEARCH NOT FOUND (SKIPPED): <script type="text/javascript" src="catalog/view/javascript/jquery/jquery-1.7.1.min.js"></script>

----------------------------------------------------------------------


