---------- Date: 2019-12-14 07:53:23 ~ IP : ::1 ----------
REQUEST URI : /
MOD DETAILS:
   modFile   : /Applications/MAMP/htdocs/vqmod/xml/jv_quickorder_os1521_os1531_oc1541.xml
   id        : JV_QuickOrder (Opencart 1.5.2.x_1.5.3.x_1.5.4.x___OcStore 1.5.2.x_1.5.3.x_1.5.4.x)
   version   : 1.1
   vqmver    : 2.1.6
   author    : JohnnyVega

File Name    : catalog/view/theme/*/template/common/header.tpl(0)
VQModObject::applyMod - SEARCH NOT FOUND (SKIPPED): <script type="text/javascript" src="catalog/view/javascript/jquery/jquery-1.7.1.min.js"></script>

----------------------------------------------------------------------


---------- Date: 2019-12-14 07:57:51 ~ IP : ::1 ----------
REQUEST URI : /
MOD DETAILS:
   modFile   : /Applications/MAMP/htdocs/vqmod/xml/jv_quickorder_os1521_os1531_oc1541.xml
   id        : JV_QuickOrder (Opencart 1.5.2.x_1.5.3.x_1.5.4.x___OcStore 1.5.2.x_1.5.3.x_1.5.4.x)
   version   : 1.1
   vqmver    : 2.1.6
   author    : JohnnyVega

File Name    : catalog/view/theme/*/template/common/header.tpl(0)
VQModObject::applyMod - SEARCH NOT FOUND (SKIPPED): <script type="text/javascript" src="catalog/view/javascript/jquery/jquery-1.7.1.min.js"></script>

----------------------------------------------------------------------


---------- Date: 2019-12-14 07:58:21 ~ IP : ::1 ----------
REQUEST URI : /
MOD DETAILS:
   modFile   : /Applications/MAMP/htdocs/vqmod/xml/jv_quickorder_os1521_os1531_oc1541.xml
   id        : JV_QuickOrder (Opencart 1.5.2.x_1.5.3.x_1.5.4.x___OcStore 1.5.2.x_1.5.3.x_1.5.4.x)
   version   : 1.1
   vqmver    : 2.1.6
   author    : JohnnyVega

File Name    : catalog/view/theme/*/template/common/header.tpl(0)
VQModObject::applyMod - SEARCH NOT FOUND (SKIPPED): <script type="text/javascript" src="catalog/view/javascript/jquery/jquery-1.7.1.min.js"></script>

----------------------------------------------------------------------


---------- Date: 2019-12-14 07:58:43 ~ IP : ::1 ----------
REQUEST URI : /
MOD DETAILS:
   modFile   : /Applications/MAMP/htdocs/vqmod/xml/jv_quickorder_os1521_os1531_oc1541.xml
   id        : JV_QuickOrder (Opencart 1.5.2.x_1.5.3.x_1.5.4.x___OcStore 1.5.2.x_1.5.3.x_1.5.4.x)
   version   : 1.1
   vqmver    : 2.1.6
   author    : JohnnyVega

File Name    : catalog/view/theme/*/template/common/header.tpl(0)
VQModObject::applyMod - SEARCH NOT FOUND (SKIPPED): <script type="text/javascript" src="catalog/view/javascript/jquery/jquery-1.7.1.min.js"></script>

----------------------------------------------------------------------


---------- Date: 2019-12-14 07:59:17 ~ IP : ::1 ----------
REQUEST URI : /
MOD DETAILS:
   modFile   : /Applications/MAMP/htdocs/vqmod/xml/jv_quickorder_os1521_os1531_oc1541.xml
   id        : JV_QuickOrder (Opencart 1.5.2.x_1.5.3.x_1.5.4.x___OcStore 1.5.2.x_1.5.3.x_1.5.4.x)
   version   : 1.1
   vqmver    : 2.1.6
   author    : JohnnyVega

File Name    : catalog/view/theme/*/template/common/header.tpl(0)
VQModObject::applyMod - SEARCH NOT FOUND (SKIPPED): <script type="text/javascript" src="catalog/view/javascript/jquery/jquery-1.7.1.min.js"></script>

----------------------------------------------------------------------


---------- Date: 2019-12-14 08:00:07 ~ IP : ::1 ----------
REQUEST URI : /
MOD DETAILS:
   modFile   : /Applications/MAMP/htdocs/vqmod/xml/jv_quickorder_os1521_os1531_oc1541.xml
   id        : JV_QuickOrder (Opencart 1.5.2.x_1.5.3.x_1.5.4.x___OcStore 1.5.2.x_1.5.3.x_1.5.4.x)
   version   : 1.1
   vqmver    : 2.1.6
   author    : JohnnyVega

File Name    : catalog/view/theme/*/template/common/header.tpl(0)
VQModObject::applyMod - SEARCH NOT FOUND (SKIPPED): <script type="text/javascript" src="catalog/view/javascript/jquery/jquery-1.7.1.min.js"></script>

----------------------------------------------------------------------


---------- Date: 2019-12-14 08:00:25 ~ IP : ::1 ----------
REQUEST URI : /
MOD DETAILS:
   modFile   : /Applications/MAMP/htdocs/vqmod/xml/jv_quickorder_os1521_os1531_oc1541.xml
   id        : JV_QuickOrder (Opencart 1.5.2.x_1.5.3.x_1.5.4.x___OcStore 1.5.2.x_1.5.3.x_1.5.4.x)
   version   : 1.1
   vqmver    : 2.1.6
   author    : JohnnyVega

File Name    : catalog/view/theme/*/template/common/header.tpl(0)
VQModObject::applyMod - SEARCH NOT FOUND (SKIPPED): <script type="text/javascript" src="catalog/view/javascript/jquery/jquery-1.7.1.min.js"></script>

----------------------------------------------------------------------


---------- Date: 2019-12-14 13:06:00 ~ IP : ::1 ----------
REQUEST URI : /
MOD DETAILS:
   modFile   : /Applications/MAMP/htdocs/vqmod/xml/jv_quickorder_os1521_os1531_oc1541.xml
   id        : JV_QuickOrder (Opencart 1.5.2.x_1.5.3.x_1.5.4.x___OcStore 1.5.2.x_1.5.3.x_1.5.4.x)
   version   : 1.1
   vqmver    : 2.1.6
   author    : JohnnyVega

File Name    : catalog/view/theme/*/template/common/header.tpl(0)
VQModObject::applyMod - SEARCH NOT FOUND (SKIPPED): <script type="text/javascript" src="catalog/view/javascript/jquery/jquery-1.7.1.min.js"></script>

----------------------------------------------------------------------


---------- Date: 2019-12-14 13:06:20 ~ IP : ::1 ----------
REQUEST URI : /
MOD DETAILS:
   modFile   : /Applications/MAMP/htdocs/vqmod/xml/jv_quickorder_os1521_os1531_oc1541.xml
   id        : JV_QuickOrder (Opencart 1.5.2.x_1.5.3.x_1.5.4.x___OcStore 1.5.2.x_1.5.3.x_1.5.4.x)
   version   : 1.1
   vqmver    : 2.1.6
   author    : JohnnyVega

File Name    : catalog/view/theme/*/template/common/header.tpl(0)
VQModObject::applyMod - SEARCH NOT FOUND (SKIPPED): <script type="text/javascript" src="catalog/view/javascript/jquery/jquery-1.7.1.min.js"></script>

----------------------------------------------------------------------


---------- Date: 2019-12-14 13:14:50 ~ IP : ::1 ----------
REQUEST URI : /
MOD DETAILS:
   modFile   : /Applications/MAMP/htdocs/vqmod/xml/jv_quickorder_os1521_os1531_oc1541.xml
   id        : JV_QuickOrder (Opencart 1.5.2.x_1.5.3.x_1.5.4.x___OcStore 1.5.2.x_1.5.3.x_1.5.4.x)
   version   : 1.1
   vqmver    : 2.1.6
   author    : JohnnyVega

File Name    : catalog/view/theme/*/template/common/header.tpl(0)
VQModObject::applyMod - SEARCH NOT FOUND (SKIPPED): <script type="text/javascript" src="catalog/view/javascript/jquery/jquery-1.7.1.min.js"></script>

----------------------------------------------------------------------


---------- Date: 2019-12-14 13:16:44 ~ IP : ::1 ----------
REQUEST URI : /
MOD DETAILS:
   modFile   : /Applications/MAMP/htdocs/vqmod/xml/jv_quickorder_os1521_os1531_oc1541.xml
   id        : JV_QuickOrder (Opencart 1.5.2.x_1.5.3.x_1.5.4.x___OcStore 1.5.2.x_1.5.3.x_1.5.4.x)
   version   : 1.1
   vqmver    : 2.1.6
   author    : JohnnyVega

File Name    : catalog/view/theme/*/template/common/header.tpl(0)
VQModObject::applyMod - SEARCH NOT FOUND (SKIPPED): <script type="text/javascript" src="catalog/view/javascript/jquery/jquery-1.7.1.min.js"></script>

----------------------------------------------------------------------


---------- Date: 2019-12-14 13:17:14 ~ IP : ::1 ----------
REQUEST URI : /
MOD DETAILS:
   modFile   : /Applications/MAMP/htdocs/vqmod/xml/jv_quickorder_os1521_os1531_oc1541.xml
   id        : JV_QuickOrder (Opencart 1.5.2.x_1.5.3.x_1.5.4.x___OcStore 1.5.2.x_1.5.3.x_1.5.4.x)
   version   : 1.1
   vqmver    : 2.1.6
   author    : JohnnyVega

File Name    : catalog/view/theme/*/template/common/header.tpl(0)
VQModObject::applyMod - SEARCH NOT FOUND (SKIPPED): <script type="text/javascript" src="catalog/view/javascript/jquery/jquery-1.7.1.min.js"></script>

----------------------------------------------------------------------


---------- Date: 2019-12-14 17:14:13 ~ IP : ::1 ----------
REQUEST URI : /admin/index.php?route=module/carousel&amp;token=431784f953146d6c5264e31ed3b2d8ec
MOD DETAILS:
   modFile   : /Applications/MAMP/htdocs/vqmod/xml/vqmod_seopro.xml
   id        : VQMOD SeoPro
   version   : 1.5.x
   vqmver    : 2.1.7
   author    : freelancer

File Name    : admin/model/*/*.php(0)
VQModObject::applyMod - SEARCH NOT FOUND (ABORTING MOD): $this->cache->delete

----------------------------------------------------------------------


---------- Date: 2019-12-14 17:14:21 ~ IP : ::1 ----------
REQUEST URI : /admin/index.php?route=extension/module&amp;token=431784f953146d6c5264e31ed3b2d8ec
MOD DETAILS:
   modFile   : /Applications/MAMP/htdocs/vqmod/xml/vqmod_seopro.xml
   id        : VQMOD SeoPro
   version   : 1.5.x
   vqmver    : 2.1.7
   author    : freelancer

File Name    : admin/model/*/*.php(0)
VQModObject::applyMod - SEARCH NOT FOUND (ABORTING MOD): $this->cache->delete

----------------------------------------------------------------------


---------- Date: 2019-12-14 17:14:25 ~ IP : ::1 ----------
REQUEST URI : /admin/index.php?route=module/blog&amp;token=431784f953146d6c5264e31ed3b2d8ec
MOD DETAILS:
   modFile   : /Applications/MAMP/htdocs/vqmod/xml/vqmod_seopro.xml
   id        : VQMOD SeoPro
   version   : 1.5.x
   vqmver    : 2.1.7
   author    : freelancer

File Name    : admin/model/*/*.php(0)
VQModObject::applyMod - SEARCH NOT FOUND (ABORTING MOD): $this->cache->delete

----------------------------------------------------------------------


---------- Date: 2019-12-14 17:14:56 ~ IP : ::1 ----------
REQUEST URI : /admin/index.php?route=extension/module&amp;token=431784f953146d6c5264e31ed3b2d8ec
MOD DETAILS:
   modFile   : /Applications/MAMP/htdocs/vqmod/xml/vqmod_seopro.xml
   id        : VQMOD SeoPro
   version   : 1.5.x
   vqmver    : 2.1.7
   author    : freelancer

File Name    : admin/model/*/*.php(0)
VQModObject::applyMod - SEARCH NOT FOUND (ABORTING MOD): $this->cache->delete

----------------------------------------------------------------------


---------- Date: 2019-12-14 17:15:07 ~ IP : ::1 ----------
REQUEST URI : /admin/index.php?route=module/htmlBox&amp;token=431784f953146d6c5264e31ed3b2d8ec
MOD DETAILS:
   modFile   : /Applications/MAMP/htdocs/vqmod/xml/vqmod_seopro.xml
   id        : VQMOD SeoPro
   version   : 1.5.x
   vqmver    : 2.1.7
   author    : freelancer

File Name    : admin/model/*/*.php(0)
VQModObject::applyMod - SEARCH NOT FOUND (ABORTING MOD): $this->cache->delete

----------------------------------------------------------------------


---------- Date: 2019-12-14 17:15:13 ~ IP : ::1 ----------
REQUEST URI : /admin/index.php?route=extension/module&amp;token=431784f953146d6c5264e31ed3b2d8ec
MOD DETAILS:
   modFile   : /Applications/MAMP/htdocs/vqmod/xml/vqmod_seopro.xml
   id        : VQMOD SeoPro
   version   : 1.5.x
   vqmver    : 2.1.7
   author    : freelancer

File Name    : admin/model/*/*.php(0)
VQModObject::applyMod - SEARCH NOT FOUND (ABORTING MOD): $this->cache->delete

----------------------------------------------------------------------


---------- Date: 2019-12-14 17:15:41 ~ IP : ::1 ----------
REQUEST URI : /admin/index.php?route=module/slideshow&amp;token=431784f953146d6c5264e31ed3b2d8ec
MOD DETAILS:
   modFile   : /Applications/MAMP/htdocs/vqmod/xml/vqmod_seopro.xml
   id        : VQMOD SeoPro
   version   : 1.5.x
   vqmver    : 2.1.7
   author    : freelancer

File Name    : admin/model/*/*.php(0)
VQModObject::applyMod - SEARCH NOT FOUND (ABORTING MOD): $this->cache->delete

----------------------------------------------------------------------


---------- Date: 2019-12-14 17:16:11 ~ IP : ::1 ----------
REQUEST URI : /admin/index.php?route=module/slideshow&amp;token=431784f953146d6c5264e31ed3b2d8ec
MOD DETAILS:
   modFile   : /Applications/MAMP/htdocs/vqmod/xml/vqmod_seopro.xml
   id        : VQMOD SeoPro
   version   : 1.5.x
   vqmver    : 2.1.7
   author    : freelancer

File Name    : admin/model/*/*.php(0)
VQModObject::applyMod - SEARCH NOT FOUND (ABORTING MOD): $this->cache->delete

----------------------------------------------------------------------


---------- Date: 2019-12-14 17:16:11 ~ IP : ::1 ----------
REQUEST URI : /admin/index.php?route=extension/module&amp;token=431784f953146d6c5264e31ed3b2d8ec
MOD DETAILS:
   modFile   : /Applications/MAMP/htdocs/vqmod/xml/vqmod_seopro.xml
   id        : VQMOD SeoPro
   version   : 1.5.x
   vqmver    : 2.1.7
   author    : freelancer

File Name    : admin/model/*/*.php(0)
VQModObject::applyMod - SEARCH NOT FOUND (ABORTING MOD): $this->cache->delete

----------------------------------------------------------------------


---------- Date: 2019-12-14 17:16:17 ~ IP : ::1 ----------
REQUEST URI : /
MOD DETAILS:
   modFile   : /Applications/MAMP/htdocs/vqmod/xml/jv_quickorder_os1521_os1531_oc1541.xml
   id        : JV_QuickOrder (Opencart 1.5.2.x_1.5.3.x_1.5.4.x___OcStore 1.5.2.x_1.5.3.x_1.5.4.x)
   version   : 1.1
   vqmver    : 2.1.6
   author    : JohnnyVega

File Name    : catalog/view/theme/*/template/common/header.tpl(0)
VQModObject::applyMod - SEARCH NOT FOUND (SKIPPED): <script type="text/javascript" src="catalog/view/javascript/jquery/jquery-1.7.1.min.js"></script>

----------------------------------------------------------------------


---------- Date: 2019-12-14 17:16:43 ~ IP : ::1 ----------
REQUEST URI : /
MOD DETAILS:
   modFile   : /Applications/MAMP/htdocs/vqmod/xml/jv_quickorder_os1521_os1531_oc1541.xml
   id        : JV_QuickOrder (Opencart 1.5.2.x_1.5.3.x_1.5.4.x___OcStore 1.5.2.x_1.5.3.x_1.5.4.x)
   version   : 1.1
   vqmver    : 2.1.6
   author    : JohnnyVega

File Name    : catalog/view/theme/*/template/common/header.tpl(0)
VQModObject::applyMod - SEARCH NOT FOUND (SKIPPED): <script type="text/javascript" src="catalog/view/javascript/jquery/jquery-1.7.1.min.js"></script>

----------------------------------------------------------------------


---------- Date: 2019-12-14 17:21:52 ~ IP : ::1 ----------
REQUEST URI : /admin/index.php?route=module/slideshow&amp;token=431784f953146d6c5264e31ed3b2d8ec
MOD DETAILS:
   modFile   : /Applications/MAMP/htdocs/vqmod/xml/vqmod_seopro.xml
   id        : VQMOD SeoPro
   version   : 1.5.x
   vqmver    : 2.1.7
   author    : freelancer

File Name    : admin/model/*/*.php(0)
VQModObject::applyMod - SEARCH NOT FOUND (ABORTING MOD): $this->cache->delete

----------------------------------------------------------------------


---------- Date: 2019-12-14 17:22:47 ~ IP : ::1 ----------
REQUEST URI : /admin/index.php?route=common/home&amp;token=431784f953146d6c5264e31ed3b2d8ec
MOD DETAILS:
   modFile   : /Applications/MAMP/htdocs/vqmod/xml/vqmod_seopro.xml
   id        : VQMOD SeoPro
   version   : 1.5.x
   vqmver    : 2.1.7
   author    : freelancer

File Name    : admin/model/*/*.php(0)
VQModObject::applyMod - SEARCH NOT FOUND (ABORTING MOD): $this->cache->delete

----------------------------------------------------------------------


---------- Date: 2019-12-14 17:24:28 ~ IP : ::1 ----------
REQUEST URI : /admin/index.php?route=catalog/option&amp;token=431784f953146d6c5264e31ed3b2d8ec
MOD DETAILS:
   modFile   : /Applications/MAMP/htdocs/vqmod/xml/vqmod_seopro.xml
   id        : VQMOD SeoPro
   version   : 1.5.x
   vqmver    : 2.1.7
   author    : freelancer

File Name    : admin/model/*/*.php(0)
VQModObject::applyMod - SEARCH NOT FOUND (ABORTING MOD): $this->cache->delete

----------------------------------------------------------------------


---------- Date: 2019-12-14 17:24:34 ~ IP : ::1 ----------
REQUEST URI : /admin/index.php?route=module/blockhtml&amp;token=431784f953146d6c5264e31ed3b2d8ec
MOD DETAILS:
   modFile   : /Applications/MAMP/htdocs/vqmod/xml/vqmod_seopro.xml
   id        : VQMOD SeoPro
   version   : 1.5.x
   vqmver    : 2.1.7
   author    : freelancer

File Name    : admin/model/*/*.php(0)
VQModObject::applyMod - SEARCH NOT FOUND (ABORTING MOD): $this->cache->delete

----------------------------------------------------------------------


---------- Date: 2019-12-14 17:25:18 ~ IP : ::1 ----------
REQUEST URI : /admin/index.php?route=module/seopro&amp;token=431784f953146d6c5264e31ed3b2d8ec
MOD DETAILS:
   modFile   : /Applications/MAMP/htdocs/vqmod/xml/vqmod_seopro.xml
   id        : VQMOD SeoPro
   version   : 1.5.x
   vqmver    : 2.1.7
   author    : freelancer

File Name    : admin/model/*/*.php(0)
VQModObject::applyMod - SEARCH NOT FOUND (ABORTING MOD): $this->cache->delete

----------------------------------------------------------------------


---------- Date: 2019-12-14 17:25:34 ~ IP : ::1 ----------
REQUEST URI : /admin/index.php?route=extension/shipping&amp;token=431784f953146d6c5264e31ed3b2d8ec
MOD DETAILS:
   modFile   : /Applications/MAMP/htdocs/vqmod/xml/vqmod_seopro.xml
   id        : VQMOD SeoPro
   version   : 1.5.x
   vqmver    : 2.1.7
   author    : freelancer

File Name    : admin/model/*/*.php(0)
VQModObject::applyMod - SEARCH NOT FOUND (ABORTING MOD): $this->cache->delete

----------------------------------------------------------------------


---------- Date: 2019-12-14 17:25:44 ~ IP : ::1 ----------
REQUEST URI : /admin/index.php?route=shipping/flat&amp;token=431784f953146d6c5264e31ed3b2d8ec
MOD DETAILS:
   modFile   : /Applications/MAMP/htdocs/vqmod/xml/vqmod_seopro.xml
   id        : VQMOD SeoPro
   version   : 1.5.x
   vqmver    : 2.1.7
   author    : freelancer

File Name    : admin/model/*/*.php(0)
VQModObject::applyMod - SEARCH NOT FOUND (ABORTING MOD): $this->cache->delete

----------------------------------------------------------------------


---------- Date: 2019-12-14 17:26:05 ~ IP : ::1 ----------
REQUEST URI : /admin/index.php?route=catalog/blog/update&amp;token=431784f953146d6c5264e31ed3b2d8ec&amp;blog_id=64
MOD DETAILS:
   modFile   : /Applications/MAMP/htdocs/vqmod/xml/vqmod_seopro.xml
   id        : VQMOD SeoPro
   version   : 1.5.x
   vqmver    : 2.1.7
   author    : freelancer

File Name    : admin/model/*/*.php(0)
VQModObject::applyMod - SEARCH NOT FOUND (ABORTING MOD): $this->cache->delete

----------------------------------------------------------------------


---------- Date: 2019-12-14 17:26:25 ~ IP : ::1 ----------
REQUEST URI : /admin/index.php?route=extension/module&amp;token=431784f953146d6c5264e31ed3b2d8ec
MOD DETAILS:
   modFile   : /Applications/MAMP/htdocs/vqmod/xml/vqmod_seopro.xml
   id        : VQMOD SeoPro
   version   : 1.5.x
   vqmver    : 2.1.7
   author    : freelancer

File Name    : admin/model/*/*.php(0)
VQModObject::applyMod - SEARCH NOT FOUND (ABORTING MOD): $this->cache->delete

----------------------------------------------------------------------


---------- Date: 2019-12-14 17:26:31 ~ IP : ::1 ----------
REQUEST URI : /admin/index.php?route=module/1000_categories_accordion&amp;token=431784f953146d6c5264e31ed3b2d8ec
MOD DETAILS:
   modFile   : /Applications/MAMP/htdocs/vqmod/xml/vqmod_seopro.xml
   id        : VQMOD SeoPro
   version   : 1.5.x
   vqmver    : 2.1.7
   author    : freelancer

File Name    : admin/model/*/*.php(0)
VQModObject::applyMod - SEARCH NOT FOUND (ABORTING MOD): $this->cache->delete

----------------------------------------------------------------------


---------- Date: 2019-12-14 17:26:44 ~ IP : ::1 ----------
REQUEST URI : /admin/index.php?route=extension/module&amp;token=431784f953146d6c5264e31ed3b2d8ec
MOD DETAILS:
   modFile   : /Applications/MAMP/htdocs/vqmod/xml/vqmod_seopro.xml
   id        : VQMOD SeoPro
   version   : 1.5.x
   vqmver    : 2.1.7
   author    : freelancer

File Name    : admin/model/*/*.php(0)
VQModObject::applyMod - SEARCH NOT FOUND (ABORTING MOD): $this->cache->delete

----------------------------------------------------------------------


---------- Date: 2019-12-14 17:26:47 ~ IP : ::1 ----------
REQUEST URI : /admin/index.php?route=module/account&amp;token=431784f953146d6c5264e31ed3b2d8ec
MOD DETAILS:
   modFile   : /Applications/MAMP/htdocs/vqmod/xml/vqmod_seopro.xml
   id        : VQMOD SeoPro
   version   : 1.5.x
   vqmver    : 2.1.7
   author    : freelancer

File Name    : admin/model/*/*.php(0)
VQModObject::applyMod - SEARCH NOT FOUND (ABORTING MOD): $this->cache->delete

----------------------------------------------------------------------


---------- Date: 2019-12-14 17:26:51 ~ IP : ::1 ----------
REQUEST URI : /admin/index.php?route=extension/module&amp;token=431784f953146d6c5264e31ed3b2d8ec
MOD DETAILS:
   modFile   : /Applications/MAMP/htdocs/vqmod/xml/vqmod_seopro.xml
   id        : VQMOD SeoPro
   version   : 1.5.x
   vqmver    : 2.1.7
   author    : freelancer

File Name    : admin/model/*/*.php(0)
VQModObject::applyMod - SEARCH NOT FOUND (ABORTING MOD): $this->cache->delete

----------------------------------------------------------------------


---------- Date: 2019-12-14 17:26:55 ~ IP : ::1 ----------
REQUEST URI : /admin/index.php?route=module/article&amp;token=431784f953146d6c5264e31ed3b2d8ec
MOD DETAILS:
   modFile   : /Applications/MAMP/htdocs/vqmod/xml/vqmod_seopro.xml
   id        : VQMOD SeoPro
   version   : 1.5.x
   vqmver    : 2.1.7
   author    : freelancer

File Name    : admin/model/*/*.php(0)
VQModObject::applyMod - SEARCH NOT FOUND (ABORTING MOD): $this->cache->delete

----------------------------------------------------------------------


---------- Date: 2019-12-14 17:27:20 ~ IP : ::1 ----------
REQUEST URI : /admin/index.php?route=module/article&amp;token=431784f953146d6c5264e31ed3b2d8ec
MOD DETAILS:
   modFile   : /Applications/MAMP/htdocs/vqmod/xml/vqmod_seopro.xml
   id        : VQMOD SeoPro
   version   : 1.5.x
   vqmver    : 2.1.7
   author    : freelancer

File Name    : admin/model/*/*.php(0)
VQModObject::applyMod - SEARCH NOT FOUND (ABORTING MOD): $this->cache->delete

----------------------------------------------------------------------


---------- Date: 2019-12-14 17:27:27 ~ IP : ::1 ----------
REQUEST URI : /admin/index.php?route=catalog/page&amp;token=431784f953146d6c5264e31ed3b2d8ec
MOD DETAILS:
   modFile   : /Applications/MAMP/htdocs/vqmod/xml/vqmod_seopro.xml
   id        : VQMOD SeoPro
   version   : 1.5.x
   vqmver    : 2.1.7
   author    : freelancer

File Name    : admin/model/*/*.php(0)
VQModObject::applyMod - SEARCH NOT FOUND (ABORTING MOD): $this->cache->delete

----------------------------------------------------------------------


---------- Date: 2019-12-14 17:27:33 ~ IP : ::1 ----------
REQUEST URI : /admin/index.php?route=module/article&amp;token=431784f953146d6c5264e31ed3b2d8ec
MOD DETAILS:
   modFile   : /Applications/MAMP/htdocs/vqmod/xml/vqmod_seopro.xml
   id        : VQMOD SeoPro
   version   : 1.5.x
   vqmver    : 2.1.7
   author    : freelancer

File Name    : admin/model/*/*.php(0)
VQModObject::applyMod - SEARCH NOT FOUND (ABORTING MOD): $this->cache->delete

----------------------------------------------------------------------


---------- Date: 2019-12-14 17:27:36 ~ IP : ::1 ----------
REQUEST URI : /admin/index.php?route=catalog/commentpage&amp;token=431784f953146d6c5264e31ed3b2d8ec
MOD DETAILS:
   modFile   : /Applications/MAMP/htdocs/vqmod/xml/vqmod_seopro.xml
   id        : VQMOD SeoPro
   version   : 1.5.x
   vqmver    : 2.1.7
   author    : freelancer

File Name    : admin/model/*/*.php(0)
VQModObject::applyMod - SEARCH NOT FOUND (ABORTING MOD): $this->cache->delete

----------------------------------------------------------------------


---------- Date: 2019-12-14 17:27:39 ~ IP : ::1 ----------
REQUEST URI : /admin/index.php?route=module/article&amp;token=431784f953146d6c5264e31ed3b2d8ec
MOD DETAILS:
   modFile   : /Applications/MAMP/htdocs/vqmod/xml/vqmod_seopro.xml
   id        : VQMOD SeoPro
   version   : 1.5.x
   vqmver    : 2.1.7
   author    : freelancer

File Name    : admin/model/*/*.php(0)
VQModObject::applyMod - SEARCH NOT FOUND (ABORTING MOD): $this->cache->delete

----------------------------------------------------------------------


---------- Date: 2019-12-14 17:27:40 ~ IP : ::1 ----------
REQUEST URI : /admin/index.php?route=extension/module&amp;token=431784f953146d6c5264e31ed3b2d8ec
MOD DETAILS:
   modFile   : /Applications/MAMP/htdocs/vqmod/xml/vqmod_seopro.xml
   id        : VQMOD SeoPro
   version   : 1.5.x
   vqmver    : 2.1.7
   author    : freelancer

File Name    : admin/model/*/*.php(0)
VQModObject::applyMod - SEARCH NOT FOUND (ABORTING MOD): $this->cache->delete

----------------------------------------------------------------------


---------- Date: 2019-12-14 17:27:45 ~ IP : ::1 ----------
REQUEST URI : /admin/index.php?route=module/banner&amp;token=431784f953146d6c5264e31ed3b2d8ec
MOD DETAILS:
   modFile   : /Applications/MAMP/htdocs/vqmod/xml/vqmod_seopro.xml
   id        : VQMOD SeoPro
   version   : 1.5.x
   vqmver    : 2.1.7
   author    : freelancer

File Name    : admin/model/*/*.php(0)
VQModObject::applyMod - SEARCH NOT FOUND (ABORTING MOD): $this->cache->delete

----------------------------------------------------------------------


---------- Date: 2019-12-14 17:27:53 ~ IP : ::1 ----------
REQUEST URI : /admin/index.php?route=extension/module&amp;token=431784f953146d6c5264e31ed3b2d8ec
MOD DETAILS:
   modFile   : /Applications/MAMP/htdocs/vqmod/xml/vqmod_seopro.xml
   id        : VQMOD SeoPro
   version   : 1.5.x
   vqmver    : 2.1.7
   author    : freelancer

File Name    : admin/model/*/*.php(0)
VQModObject::applyMod - SEARCH NOT FOUND (ABORTING MOD): $this->cache->delete

----------------------------------------------------------------------


---------- Date: 2019-12-14 17:28:00 ~ IP : ::1 ----------
REQUEST URI : /admin/index.php?route=module/category&amp;token=431784f953146d6c5264e31ed3b2d8ec
MOD DETAILS:
   modFile   : /Applications/MAMP/htdocs/vqmod/xml/vqmod_seopro.xml
   id        : VQMOD SeoPro
   version   : 1.5.x
   vqmver    : 2.1.7
   author    : freelancer

File Name    : admin/model/*/*.php(0)
VQModObject::applyMod - SEARCH NOT FOUND (ABORTING MOD): $this->cache->delete

----------------------------------------------------------------------


---------- Date: 2019-12-14 17:28:19 ~ IP : ::1 ----------
REQUEST URI : /admin/index.php?route=extension/module&amp;token=431784f953146d6c5264e31ed3b2d8ec
MOD DETAILS:
   modFile   : /Applications/MAMP/htdocs/vqmod/xml/vqmod_seopro.xml
   id        : VQMOD SeoPro
   version   : 1.5.x
   vqmver    : 2.1.7
   author    : freelancer

File Name    : admin/model/*/*.php(0)
VQModObject::applyMod - SEARCH NOT FOUND (ABORTING MOD): $this->cache->delete

----------------------------------------------------------------------


---------- Date: 2019-12-14 17:28:33 ~ IP : ::1 ----------
REQUEST URI : /admin/index.php?route=module/store&amp;token=431784f953146d6c5264e31ed3b2d8ec
MOD DETAILS:
   modFile   : /Applications/MAMP/htdocs/vqmod/xml/vqmod_seopro.xml
   id        : VQMOD SeoPro
   version   : 1.5.x
   vqmver    : 2.1.7
   author    : freelancer

File Name    : admin/model/*/*.php(0)
VQModObject::applyMod - SEARCH NOT FOUND (ABORTING MOD): $this->cache->delete

----------------------------------------------------------------------


---------- Date: 2019-12-14 17:28:48 ~ IP : ::1 ----------
REQUEST URI : /admin/index.php?route=extension/module&amp;token=431784f953146d6c5264e31ed3b2d8ec
MOD DETAILS:
   modFile   : /Applications/MAMP/htdocs/vqmod/xml/vqmod_seopro.xml
   id        : VQMOD SeoPro
   version   : 1.5.x
   vqmver    : 2.1.7
   author    : freelancer

File Name    : admin/model/*/*.php(0)
VQModObject::applyMod - SEARCH NOT FOUND (ABORTING MOD): $this->cache->delete

----------------------------------------------------------------------


---------- Date: 2019-12-14 17:28:59 ~ IP : ::1 ----------
REQUEST URI : /admin/index.php?route=setting/store&amp;token=431784f953146d6c5264e31ed3b2d8ec
MOD DETAILS:
   modFile   : /Applications/MAMP/htdocs/vqmod/xml/home_html.xml
   id        : Contacts HTML for OpenCart 1.5.1.x
   version   : 1.0.0
   vqmver    : 1.2.3
   author    : Stalker780

File Name    : admin/language/russian/setting/store.php(0)
VQModObject::applyMod - SEARCH NOT FOUND (ABORTING MOD): $_['entry_meta_description']	= 'Мета-тег "Описание":';

----------------------------------------------------------------------


---------- Date: 2019-12-14 17:29:06 ~ IP : ::1 ----------
REQUEST URI : /admin/index.php?route=setting/setting&amp;token=431784f953146d6c5264e31ed3b2d8ec
MOD DETAILS:
   modFile   : /Applications/MAMP/htdocs/vqmod/xml/vqmod_seopro.xml
   id        : VQMOD SeoPro
   version   : 1.5.x
   vqmver    : 2.1.7
   author    : freelancer

File Name    : admin/model/*/*.php(0)
VQModObject::applyMod - SEARCH NOT FOUND (ABORTING MOD): $this->cache->delete

----------------------------------------------------------------------


---------- Date: 2019-12-14 17:31:21 ~ IP : ::1 ----------
REQUEST URI : /admin/index.php?route=setting/setting&amp;token=431784f953146d6c5264e31ed3b2d8ec
MOD DETAILS:
   modFile   : /Applications/MAMP/htdocs/vqmod/xml/vqmod_seopro.xml
   id        : VQMOD SeoPro
   version   : 1.5.x
   vqmver    : 2.1.7
   author    : freelancer

File Name    : admin/model/*/*.php(0)
VQModObject::applyMod - SEARCH NOT FOUND (ABORTING MOD): $this->cache->delete

----------------------------------------------------------------------


---------- Date: 2019-12-14 17:31:21 ~ IP : ::1 ----------
REQUEST URI : /admin/index.php?route=setting/store&amp;token=431784f953146d6c5264e31ed3b2d8ec
MOD DETAILS:
   modFile   : /Applications/MAMP/htdocs/vqmod/xml/home_html.xml
   id        : Contacts HTML for OpenCart 1.5.1.x
   version   : 1.0.0
   vqmver    : 1.2.3
   author    : Stalker780

File Name    : admin/language/russian/setting/store.php(0)
VQModObject::applyMod - SEARCH NOT FOUND (ABORTING MOD): $_['entry_meta_description']	= 'Мета-тег "Описание":';

----------------------------------------------------------------------


---------- Date: 2019-12-14 17:31:54 ~ IP : ::1 ----------
REQUEST URI : /admin/index.php?route=catalog/product&amp;token=431784f953146d6c5264e31ed3b2d8ec
MOD DETAILS:
   modFile   : /Applications/MAMP/htdocs/vqmod/xml/vqmod_seopro.xml
   id        : VQMOD SeoPro
   version   : 1.5.x
   vqmver    : 2.1.7
   author    : freelancer

File Name    : admin/model/*/*.php(0)
VQModObject::applyMod - SEARCH NOT FOUND (ABORTING MOD): $this->cache->delete

----------------------------------------------------------------------


---------- Date: 2019-12-14 17:31:58 ~ IP : ::1 ----------
REQUEST URI : /admin/index.php?route=catalog/product_extra&amp;token=431784f953146d6c5264e31ed3b2d8ec
MOD DETAILS:
   modFile   : /Applications/MAMP/htdocs/vqmod/xml/vqmod_seopro.xml
   id        : VQMOD SeoPro
   version   : 1.5.x
   vqmver    : 2.1.7
   author    : freelancer

File Name    : admin/model/*/*.php(0)
VQModObject::applyMod - SEARCH NOT FOUND (ABORTING MOD): $this->cache->delete

----------------------------------------------------------------------


---------- Date: 2019-12-14 17:32:06 ~ IP : ::1 ----------
REQUEST URI : /admin/index.php?route=catalog/option&amp;token=431784f953146d6c5264e31ed3b2d8ec
MOD DETAILS:
   modFile   : /Applications/MAMP/htdocs/vqmod/xml/vqmod_seopro.xml
   id        : VQMOD SeoPro
   version   : 1.5.x
   vqmver    : 2.1.7
   author    : freelancer

File Name    : admin/model/*/*.php(0)
VQModObject::applyMod - SEARCH NOT FOUND (ABORTING MOD): $this->cache->delete

----------------------------------------------------------------------


---------- Date: 2019-12-14 17:32:13 ~ IP : ::1 ----------
REQUEST URI : /admin/index.php?route=catalog/option/update&amp;token=431784f953146d6c5264e31ed3b2d8ec&amp;option_id=22
MOD DETAILS:
   modFile   : /Applications/MAMP/htdocs/vqmod/xml/vqmod_seopro.xml
   id        : VQMOD SeoPro
   version   : 1.5.x
   vqmver    : 2.1.7
   author    : freelancer

File Name    : admin/model/*/*.php(0)
VQModObject::applyMod - SEARCH NOT FOUND (ABORTING MOD): $this->cache->delete

----------------------------------------------------------------------


---------- Date: 2019-12-14 17:32:44 ~ IP : ::1 ----------
REQUEST URI : /admin/index.php?route=catalog/option&amp;token=431784f953146d6c5264e31ed3b2d8ec
MOD DETAILS:
   modFile   : /Applications/MAMP/htdocs/vqmod/xml/vqmod_seopro.xml
   id        : VQMOD SeoPro
   version   : 1.5.x
   vqmver    : 2.1.7
   author    : freelancer

File Name    : admin/model/*/*.php(0)
VQModObject::applyMod - SEARCH NOT FOUND (ABORTING MOD): $this->cache->delete

----------------------------------------------------------------------


---------- Date: 2019-12-14 17:32:51 ~ IP : ::1 ----------
REQUEST URI : /admin/index.php?route=module/blockhtml&amp;token=431784f953146d6c5264e31ed3b2d8ec
MOD DETAILS:
   modFile   : /Applications/MAMP/htdocs/vqmod/xml/vqmod_seopro.xml
   id        : VQMOD SeoPro
   version   : 1.5.x
   vqmver    : 2.1.7
   author    : freelancer

File Name    : admin/model/*/*.php(0)
VQModObject::applyMod - SEARCH NOT FOUND (ABORTING MOD): $this->cache->delete

----------------------------------------------------------------------


---------- Date: 2019-12-14 17:34:46 ~ IP : ::1 ----------
REQUEST URI : /
MOD DETAILS:
   modFile   : /Applications/MAMP/htdocs/vqmod/xml/jv_quickorder_os1521_os1531_oc1541.xml
   id        : JV_QuickOrder (Opencart 1.5.2.x_1.5.3.x_1.5.4.x___OcStore 1.5.2.x_1.5.3.x_1.5.4.x)
   version   : 1.1
   vqmver    : 2.1.6
   author    : JohnnyVega

File Name    : catalog/view/theme/*/template/common/header.tpl(0)
VQModObject::applyMod - SEARCH NOT FOUND (SKIPPED): <script type="text/javascript" src="catalog/view/javascript/jquery/jquery-1.7.1.min.js"></script>

----------------------------------------------------------------------


---------- Date: 2019-12-14 17:34:57 ~ IP : ::1 ----------
REQUEST URI : /admin/index.php?route=module/blockhtml&amp;token=431784f953146d6c5264e31ed3b2d8ec
MOD DETAILS:
   modFile   : /Applications/MAMP/htdocs/vqmod/xml/vqmod_seopro.xml
   id        : VQMOD SeoPro
   version   : 1.5.x
   vqmver    : 2.1.7
   author    : freelancer

File Name    : admin/model/*/*.php(0)
VQModObject::applyMod - SEARCH NOT FOUND (ABORTING MOD): $this->cache->delete

----------------------------------------------------------------------


---------- Date: 2019-12-14 17:35:07 ~ IP : ::1 ----------
REQUEST URI : /admin/index.php?route=extension/module&amp;token=431784f953146d6c5264e31ed3b2d8ec
MOD DETAILS:
   modFile   : /Applications/MAMP/htdocs/vqmod/xml/vqmod_seopro.xml
   id        : VQMOD SeoPro
   version   : 1.5.x
   vqmver    : 2.1.7
   author    : freelancer

File Name    : admin/model/*/*.php(0)
VQModObject::applyMod - SEARCH NOT FOUND (ABORTING MOD): $this->cache->delete

----------------------------------------------------------------------


