2019-07-17 14:27:39 - PHP Notice:  Undefined index: filename in /Applications/MAMP/htdocs/index.php on line 186
2019-07-17 14:27:39 - PHP Notice:  Error: Could not load language ! in /Applications/MAMP/htdocs/vqmod/vqcache/vq2-system_library_language.php on line 39
2019-07-17 14:28:40 - PHP Notice:  Undefined index: filename in /Applications/MAMP/htdocs/index.php on line 186
2019-07-17 14:28:40 - PHP Notice:  Error: Could not load language ! in /Applications/MAMP/htdocs/vqmod/vqcache/vq2-system_library_language.php on line 39
2019-07-17 14:36:48 - PHP Notice:  Undefined index: filename in /Applications/MAMP/htdocs/index.php on line 186
2019-07-17 14:36:48 - PHP Notice:  Error: Could not load language ! in /Applications/MAMP/htdocs/vqmod/vqcache/vq2-system_library_language.php on line 39
2019-07-17 14:45:04 - PHP Notice:  Undefined index: filename in /Applications/MAMP/htdocs/index.php on line 186
2019-07-17 14:45:04 - PHP Notice:  Error: Could not load language ! in /Applications/MAMP/htdocs/vqmod/vqcache/vq2-system_library_language.php on line 39
2019-07-17 14:45:24 - PHP Notice:  Undefined index: filename in /Applications/MAMP/htdocs/index.php on line 186
2019-07-17 14:45:24 - PHP Notice:  Error: Could not load language ! in /Applications/MAMP/htdocs/vqmod/vqcache/vq2-system_library_language.php on line 39
2019-07-17 14:48:21 - PHP Notice:  Undefined index: filename in /Applications/MAMP/htdocs/index.php on line 186
2019-07-17 14:48:21 - PHP Notice:  Error: Could not load language ! in /Applications/MAMP/htdocs/vqmod/vqcache/vq2-system_library_language.php on line 39
2019-07-17 14:53:37 - PHP Notice:  Undefined index: filename in /Applications/MAMP/htdocs/index.php on line 186
2019-07-17 15:02:39 - PHP Notice:  Error: Could not load language ! in /Applications/MAMP/htdocs/vqmod/vqcache/vq2-system_library_language.php on line 39
2019-07-19 15:21:09 - PHP Notice:  Undefined index: filename in /Applications/MAMP/htdocs/index.php on line 186
2019-07-19 15:21:10 - PHP Notice:  Error: Could not load language ! in /Applications/MAMP/htdocs/vqmod/vqcache/vq2-system_library_language.php on line 39
2019-07-19 16:18:28 - PHP Notice:  Undefined index: filename in xdebug://debug-eval on line 1
2019-07-19 16:19:40 - PHP Notice:  Undefined index: filename in xdebug://debug-eval on line 1
2019-07-19 16:19:50 - PHP Notice:  Undefined index: filename in xdebug://debug-eval on line 1
2019-07-19 16:19:56 - PHP Notice:  Undefined index: filename in xdebug://debug-eval on line 1
2019-07-19 16:20:17 - PHP Notice:  Undefined index: filename in xdebug://debug-eval on line 1
2019-07-19 16:20:32 - PHP Notice:  Undefined index: filename in xdebug://debug-eval on line 1
2019-07-19 16:28:31 - PHP Notice:  Undefined index: filename in xdebug://debug-eval on line 1
2019-07-19 16:36:45 - PHP Notice:  Undefined index: filename in /Applications/MAMP/htdocs/index.php on line 186
2019-07-19 16:36:45 - PHP Notice:  Error: Could not load language ! in /Applications/MAMP/htdocs/vqmod/vqcache/vq2-system_library_language.php on line 39
2019-07-19 16:36:52 - PHP Notice:  Undefined index: filename in /Applications/MAMP/htdocs/index.php on line 186
2019-07-19 16:36:52 - PHP Notice:  Error: Could not load language ! in /Applications/MAMP/htdocs/vqmod/vqcache/vq2-system_library_language.php on line 39
2019-07-19 16:50:02 - PHP Notice:  Undefined index: filename in /Applications/MAMP/htdocs/admin/index.php on line 126
2019-07-19 16:50:02 - PHP Notice:  Error: Could not load language ! in /Applications/MAMP/htdocs/vqmod/vqcache/vq2-system_library_language.php on line 39
2019-07-19 16:57:05 - PHP Notice:  Undefined index: filename in /Applications/MAMP/htdocs/index.php on line 186
2019-07-19 16:57:05 - PHP Notice:  Error: Could not load language ! in /Applications/MAMP/htdocs/vqmod/vqcache/vq2-system_library_language.php on line 39
2019-07-19 17:24:37 - PHP Notice:  Use of undefined constant filename - assumed 'filename' in xdebug://debug-eval on line 1
2019-07-19 17:24:48 - PHP Notice:  Use of undefined constant filename - assumed 'filename' in xdebug://debug-eval on line 1
2019-07-19 17:24:50 - PHP Notice:  Use of undefined constant filename - assumed 'filename' in xdebug://debug-eval on line 1
2019-07-19 17:24:51 - PHP Notice:  Use of undefined constant filename - assumed 'filename' in xdebug://debug-eval on line 1
2019-07-19 17:24:51 - PHP Notice:  Use of undefined constant filename - assumed 'filename' in xdebug://debug-eval on line 1
2019-07-19 17:24:52 - PHP Notice:  Use of undefined constant filename - assumed 'filename' in xdebug://debug-eval on line 1
2019-07-19 17:24:53 - PHP Notice:  Use of undefined constant filename - assumed 'filename' in xdebug://debug-eval on line 1
2019-07-19 17:24:53 - PHP Notice:  Use of undefined constant filename - assumed 'filename' in xdebug://debug-eval on line 1
2019-07-19 17:24:54 - PHP Notice:  Use of undefined constant filename - assumed 'filename' in xdebug://debug-eval on line 1
2019-07-19 17:24:55 - PHP Notice:  Use of undefined constant filename - assumed 'filename' in xdebug://debug-eval on line 1
2019-07-19 17:24:56 - PHP Notice:  Use of undefined constant filename - assumed 'filename' in xdebug://debug-eval on line 1
2019-07-19 17:24:57 - PHP Notice:  Use of undefined constant filename - assumed 'filename' in xdebug://debug-eval on line 1
2019-07-19 17:24:58 - PHP Notice:  Use of undefined constant filename - assumed 'filename' in xdebug://debug-eval on line 1
2019-07-19 17:24:59 - PHP Notice:  Use of undefined constant filename - assumed 'filename' in xdebug://debug-eval on line 1
2019-07-19 17:25:00 - PHP Notice:  Use of undefined constant filename - assumed 'filename' in xdebug://debug-eval on line 1
2019-07-19 17:25:01 - PHP Notice:  Use of undefined constant filename - assumed 'filename' in xdebug://debug-eval on line 1
2019-07-19 17:25:02 - PHP Notice:  Use of undefined constant filename - assumed 'filename' in xdebug://debug-eval on line 1
2019-07-19 17:25:03 - PHP Notice:  Use of undefined constant filename - assumed 'filename' in xdebug://debug-eval on line 1
2019-07-19 17:25:03 - PHP Notice:  Use of undefined constant filename - assumed 'filename' in xdebug://debug-eval on line 1
2019-07-19 17:25:03 - PHP Notice:  Use of undefined constant filename - assumed 'filename' in xdebug://debug-eval on line 1
2019-07-19 17:25:03 - PHP Notice:  Use of undefined constant filename - assumed 'filename' in xdebug://debug-eval on line 1
2019-07-19 17:25:04 - PHP Notice:  Use of undefined constant filename - assumed 'filename' in xdebug://debug-eval on line 1
2019-07-19 17:25:04 - PHP Notice:  Use of undefined constant filename - assumed 'filename' in xdebug://debug-eval on line 1
2019-07-19 17:25:34 - PHP Warning:  Cannot modify header information - headers already sent by (output started at /Applications/MAMP/htdocs/index.php:105) in /Applications/MAMP/htdocs/index.php on line 178
2019-07-19 17:25:34 - PHP Notice:  Use of undefined constant filename - assumed 'filename' in xdebug://debug-eval on line 1
2019-07-19 17:25:36 - PHP Notice:  Undefined index: filename in /Applications/MAMP/htdocs/index.php on line 186
2019-07-19 17:25:36 - PHP Notice:  Error: Could not load language ! in /Applications/MAMP/htdocs/vqmod/vqcache/vq2-system_library_language.php on line 39
2019-07-19 17:26:35 - PHP Notice:  Undefined index: filename in /Applications/MAMP/htdocs/index.php on line 186
2019-07-19 17:26:35 - PHP Notice:  Error: Could not load language ! in /Applications/MAMP/htdocs/vqmod/vqcache/vq2-system_library_language.php on line 39
2019-07-23 16:19:12 - PHP Notice:  Undefined index: filename in /Applications/MAMP/htdocs/index.php on line 186
2019-07-23 16:19:12 - PHP Notice:  Error: Could not load language ! in /Applications/MAMP/htdocs/vqmod/vqcache/vq2-system_library_language.php on line 39
2019-07-23 16:19:40 - PHP Notice:  Undefined index: filename in /Applications/MAMP/htdocs/index.php on line 186
2019-07-23 16:19:40 - PHP Notice:  Error: Could not load language ! in /Applications/MAMP/htdocs/vqmod/vqcache/vq2-system_library_language.php on line 39
2019-07-23 16:20:12 - PHP Notice:  Undefined index: filename in /Applications/MAMP/htdocs/index.php on line 186
2019-07-23 16:20:12 - PHP Notice:  Error: Could not load language ! in /Applications/MAMP/htdocs/vqmod/vqcache/vq2-system_library_language.php on line 39
2019-07-23 16:26:14 - PHP Notice:  Undefined index: filename in xdebug://debug-eval on line 1
2019-07-23 16:26:25 - PHP Notice:  Undefined index: filename in xdebug://debug-eval on line 1
2019-07-23 16:28:12 - PHP Notice:  Undefined index: filename in xdebug://debug-eval on line 1
2019-07-23 16:28:29 - PHP Notice:  Undefined index: filename in xdebug://debug-eval on line 1
2019-07-23 17:00:36 - PHP Notice:  Undefined index: filename in xdebug://debug-eval on line 1
2019-07-23 17:01:46 - PHP Notice:  Undefined index: filename in Unknown on line 0
2019-07-23 17:01:46 - PHP Notice:  Error: Could not load language ! in /Applications/MAMP/htdocs/vqmod/vqcache/vq2-system_library_language.php on line 39
2019-07-23 17:07:09 - PHP Notice:  Undefined index: filename in /Applications/MAMP/htdocs/index.php on line 186
2019-07-23 17:07:09 - PHP Notice:  Error: Could not load language ! in /Applications/MAMP/htdocs/vqmod/vqcache/vq2-system_library_language.php on line 39
2019-07-25 6:08:35 - PHP Notice:  Undefined index: filename in /Applications/MAMP/htdocs/index.php on line 186
2019-07-25 6:08:35 - PHP Notice:  Error: Could not load language ! in /Applications/MAMP/htdocs/vqmod/vqcache/vq2-system_library_language.php on line 39
2019-07-25 6:08:36 - PHP Notice:  Undefined index: filename in /Applications/MAMP/htdocs/index.php on line 186
2019-07-25 6:08:36 - PHP Notice:  Error: Could not load language ! in /Applications/MAMP/htdocs/vqmod/vqcache/vq2-system_library_language.php on line 39
2019-07-25 6:19:58 - PHP Notice:  Undefined index: filename in /Applications/MAMP/htdocs/index.php on line 186
2019-07-25 6:19:58 - PHP Notice:  Error: Could not load language ! in /Applications/MAMP/htdocs/vqmod/vqcache/vq2-system_library_language.php on line 39
2019-07-25 14:28:31 - PHP Notice:  Undefined index: filename in /Applications/MAMP/htdocs/index.php on line 186
2019-07-25 14:28:31 - PHP Notice:  Error: Could not load language ! in /Applications/MAMP/htdocs/vqmod/vqcache/vq2-system_library_language.php on line 39
2019-07-25 14:29:05 - PHP Notice:  Undefined index: filename in /Applications/MAMP/htdocs/index.php on line 186
2019-07-25 14:29:05 - PHP Notice:  Error: Could not load language ! in /Applications/MAMP/htdocs/vqmod/vqcache/vq2-system_library_language.php on line 39
2019-07-25 14:29:26 - PHP Notice:  Undefined index: filename in /Applications/MAMP/htdocs/index.php on line 186
2019-07-25 14:29:26 - PHP Notice:  Error: Could not load language ! in /Applications/MAMP/htdocs/vqmod/vqcache/vq2-system_library_language.php on line 39
2019-07-25 14:29:34 - PHP Notice:  Undefined index: filename in /Applications/MAMP/htdocs/admin/index.php on line 126
2019-07-25 14:29:34 - PHP Notice:  Error: Could not load language ! in /Applications/MAMP/htdocs/vqmod/vqcache/vq2-system_library_language.php on line 39
